{"level":"info","message":"Attempting to load .env file from: /Users/matthiaswettstein/SynologyDrive/Matthias/Programming/globschi/.env","timestamp":"2024-11-19T21:13:52.416Z"}
{"level":"info","message":".env file loaded successfully for development.","timestamp":"2024-11-19T21:13:52.418Z"}
{"level":"info","message":"Attempting to load .env file from: /Users/matthiaswettstein/SynologyDrive/Matthias/Programming/globschi/.env","timestamp":"2024-11-19T21:13:52.418Z"}
{"level":"info","message":".env file loaded successfully for development.","timestamp":"2024-11-19T21:13:52.418Z"}
{"level":"info","message":"Attempting to load .env file from: /Users/matthiaswettstein/SynologyDrive/Matthias/Programming/globschi/.env","timestamp":"2024-11-19T21:13:52.421Z"}
{"level":"info","message":".env file loaded successfully for development.","timestamp":"2024-11-19T21:13:52.421Z"}
{"level":"info","message":"Attempting to load .env file from: /Users/matthiaswettstein/SynologyDrive/Matthias/Programming/globschi/.env","timestamp":"2024-11-19T21:13:52.422Z"}
{"level":"info","message":".env file loaded successfully for development.","timestamp":"2024-11-19T21:13:52.422Z"}
{"level":"info","message":"Starting server...","timestamp":"2024-11-19T21:13:52.422Z"}
{"level":"info","message":"Successfully connected to MongoDB","timestamp":"2024-11-19T21:13:52.837Z"}
{"level":"info","message":"Server is running on port 8081","timestamp":"2024-11-19T21:13:52.838Z"}
{"level":"info","message":"Data Processing Summary:","timestamp":"2024-11-19T21:13:56.989Z"}
{"level":"info","message":"  MongoDB elements: 235","timestamp":"2024-11-19T21:13:56.989Z"}
{"level":"info","message":"  AWS S3 elements: 235","timestamp":"2024-11-19T21:13:56.989Z"}
{"level":"info","message":"  Intersected elements: 235","timestamp":"2024-11-19T21:13:56.989Z"}
{"level":"info","message":"  Elements only in MongoDB: 0","timestamp":"2024-11-19T21:13:56.989Z"}
{"level":"info","message":"  Elements only in AWS S3: 0","timestamp":"2024-11-19T21:13:56.989Z"}
{"level":"info","message":"Data Processing Summary:","timestamp":"2024-11-19T21:13:57.208Z"}
{"level":"info","message":"  MongoDB elements: 235","timestamp":"2024-11-19T21:13:57.208Z"}
{"level":"info","message":"  AWS S3 elements: 235","timestamp":"2024-11-19T21:13:57.208Z"}
{"level":"info","message":"  Intersected elements: 235","timestamp":"2024-11-19T21:13:57.208Z"}
{"level":"info","message":"  Elements only in MongoDB: 0","timestamp":"2024-11-19T21:13:57.208Z"}
{"level":"info","message":"  Elements only in AWS S3: 0","timestamp":"2024-11-19T21:13:57.208Z"}
